14:59:07.974 INFO  TESTE
15:05:47.768 INFO  Unauthorized from ::1
15:06:15.134 INFO  Unauthorized from ::1 
16:16:12.137 ERROR Error in create a pokemon
16:23:46.072 ERROR Error in create a user
16:29:15.902 INFO  Unauthorized from ::1
16:54:07.908 ERROR Error in create a pokemon
17:03:00.220 INFO  Unauthorized from ::1
12:03:06.210 ERROR Error in buy a pokemon 
12:04:26.622 ERROR Error in buy a pokemon 
12:04:36.321 ERROR Error in buy a pokemon 
12:05:05.925 ERROR Error in buy a pokemon 
00:42:40.038 INFO  Unauthorized from ::1 
00:42:47.086 ERROR Error in create a user 
00:42:47.262 ERROR Error in create a user 
00:42:47.415 ERROR Error in create a user 
00:42:47.579 ERROR Error in create a user 
00:42:47.787 ERROR Error in create a user 
00:42:48.773 ERROR Error in create a user 
00:42:48.933 ERROR Error in create a user 
00:42:49.102 ERROR Error in create a user 
00:42:49.270 ERROR Error in create a user 
00:42:49.459 ERROR Error in create a user 
00:42:49.634 ERROR Error in create a user 
00:42:49.835 ERROR Error in create a user 
00:42:50.158 ERROR Error in create a user 
00:42:51.170 ERROR Error in create a user 
00:42:51.356 ERROR Error in create a user 
00:42:51.495 ERROR Error in create a user 
00:42:51.666 ERROR Error in create a user 
00:42:51.820 ERROR Error in create a user 
00:42:51.985 ERROR Error in create a user 
00:42:52.275 ERROR Error in create a user 
00:42:52.442 ERROR Error in create a user 
00:42:52.727 ERROR Error in create a user 
00:42:52.887 ERROR Error in create a user 
00:42:53.050 ERROR Error in create a user 
00:42:53.353 ERROR Error in create a user 
00:42:53.642 ERROR Error in create a user 
00:42:53.817 ERROR Error in create a user 
00:42:53.984 ERROR Error in create a user 
00:42:54.996 ERROR Error in create a user 
00:42:55.548 ERROR Error in create a user 
00:42:55.732 ERROR Error in create a user 
00:42:55.903 ERROR Error in create a user 
00:42:56.071 ERROR Error in create a user 
00:43:58.203 ERROR Error in create a user 
00:44:21.075 ERROR Error in create a user 
14:24:56.091 ERROR Error in create a user 
14:28:21.742 ERROR Error in create a user 
14:28:22.192 ERROR Error in create a user 
14:28:22.385 ERROR Error in create a user 
14:28:23.221 ERROR Error in create a user 
14:28:25.535 ERROR Error in create a user 
14:28:26.446 ERROR Error in create a user 
14:28:29.660 ERROR Error in create a user 
14:28:29.881 ERROR Error in create a user 
14:28:30.064 ERROR Error in create a user 
14:28:30.260 ERROR Error in create a user 
14:28:30.572 ERROR Error in create a user 
14:28:30.769 ERROR Error in create a user 
14:28:30.953 ERROR Error in create a user 
14:28:31.178 ERROR Error in create a user 
14:28:32.097 ERROR Error in create a user 
14:28:32.297 ERROR Error in create a user 
14:28:32.638 ERROR Error in create a user 
16:23:55.535 ERROR Error in create a user 
16:23:55.742 ERROR Error in create a user 
16:23:56.451 ERROR Error in create a user 
17:11:44.819 ERROR Error in create a user 
17:12:11.827 ERROR Error in create a user 
17:13:14.467 ERROR Error in create a user 
17:13:14.826 ERROR Error in create a user 
17:13:15.255 ERROR Error in create a user 
17:13:15.508 ERROR Error in create a user 
17:13:15.786 ERROR Error in create a user 
17:19:40.048 ERROR Error in create a user 
17:20:20.674 INFO  Unauthorized from ::1 
17:20:21.775 INFO  Unauthorized from ::1 
17:20:23.144 INFO  Unauthorized from ::1 
17:27:07.598 ERROR Error in create a user 
17:27:30.369 ERROR Error in create a user 
17:27:31.422 ERROR Error in create a user 
17:27:32.668 ERROR Error in create a user 
17:27:33.827 ERROR Error in create a user 
17:27:34.584 ERROR Error in create a user 
